[debug] [2024-05-15T00:07:10.969Z] ----------------------------------------------------------------------
[debug] [2024-05-15T00:07:10.972Z] Command:       C:\Program Files\nodejs\node.exe C:\Users\javie\AppData\Roaming\npm\node_modules\firebase-tools\lib\bin\firebase.js init hosting
[debug] [2024-05-15T00:07:10.972Z] CLI Version:   12.5.2
[debug] [2024-05-15T00:07:10.972Z] Platform:      win32
[debug] [2024-05-15T00:07:10.972Z] Node Version:  v20.10.0
[debug] [2024-05-15T00:07:10.973Z] Time:          Tue May 14 2024 20:07:10 GMT-0400 (Eastern Daylight Saving Time)
[debug] [2024-05-15T00:07:10.973Z] ----------------------------------------------------------------------
[debug] 
[debug] [2024-05-15T00:07:10.975Z] >>> [apiv2][query] GET https://firebase-public.firebaseio.com/cli.json [none]
[debug] [2024-05-15T00:07:11.016Z] > command requires scopes: ["email","openid","https://www.googleapis.com/auth/cloudplatformprojects.readonly","https://www.googleapis.com/auth/firebase","https://www.googleapis.com/auth/cloud-platform"]
[debug] [2024-05-15T00:07:11.017Z] > authorizing via signed-in user (javier.huang168@gmail.com)
[info] 
     ######## #### ########  ######## ########     ###     ######  ########
     ##        ##  ##     ## ##       ##     ##  ##   ##  ##       ##
     ######    ##  ########  ######   ########  #########  ######  ######
     ##        ##  ##    ##  ##       ##     ## ##     ##       ## ##
     ##       #### ##     ## ######## ########  ##     ##  ######  ########

You're about to initialize a Firebase project in this directory:

  C:\DuDu\Olympiads_School\Computer\Websites\Buzby

Before we get started, keep in mind:

  * You are currently outside your home directory

[debug] [2024-05-15T00:07:11.210Z] <<< [apiv2][status] GET https://firebase-public.firebaseio.com/cli.json 200
[debug] [2024-05-15T00:07:11.211Z] <<< [apiv2][body] GET https://firebase-public.firebaseio.com/cli.json {"cloudBuildErrorAfter":1594252800000,"cloudBuildWarnAfter":1590019200000,"defaultNode10After":1594252800000,"minVersion":"3.0.5","node8DeploysDisabledAfter":1613390400000,"node8RuntimeDisabledAfter":1615809600000,"node8WarnAfter":1600128000000}
